<?xml version="1.0" encoding="UTF-8"?>
<testng-results ignored="0" total="1" passed="1" failed="0" skipped="0">
  <reporter-output>
  </reporter-output>
  <suite started-at="2025-01-15T13:15:20 IST" name="Test Suite" finished-at="2025-01-15T13:15:34 IST" duration-ms="14305">
    <groups>
    </groups>
    <test started-at="2025-01-15T13:15:20 IST" name="Test Set" finished-at="2025-01-15T13:15:34 IST" duration-ms="14305">
      <class name="TestCases.EbaySearchAddToCart">
        <test-method is-config="true" signature="setUp()[pri:0, instance:TestCases.EbaySearchAddToCart@cc43f62]" started-at="2025-01-15T13:15:20 IST" name="setUp" finished-at="2025-01-15T13:15:20 IST" duration-ms="203" status="PASS">
          <reporter-output>
          </reporter-output>
        </test-method> <!-- setUp -->
        <test-method is-config="true" signature="setUpBrowser()[pri:0, instance:TestCases.EbaySearchAddToCart@cc43f62]" started-at="2025-01-15T13:15:20 IST" name="setUpBrowser" finished-at="2025-01-15T13:15:24 IST" duration-ms="4453" status="PASS">
          <reporter-output>
          </reporter-output>
        </test-method> <!-- setUpBrowser -->
        <test-method signature="searchAndBuySamsungPhone()[pri:0, instance:TestCases.EbaySearchAddToCart@cc43f62]" started-at="2025-01-15T13:15:24 IST" name="searchAndBuySamsungPhone" finished-at="2025-01-15T13:15:34 IST" duration-ms="9318" status="PASS">
          <reporter-output>
          </reporter-output>
        </test-method> <!-- searchAndBuySamsungPhone -->
        <test-method is-config="true" signature="captureScreenshotOnFailure(org.testng.ITestResult)[pri:0, instance:TestCases.EbaySearchAddToCart@cc43f62]" started-at="2025-01-15T13:15:34 IST" name="captureScreenshotOnFailure" finished-at="2025-01-15T13:15:34 IST" duration-ms="4" status="PASS">
          <params>
            <param index="0">
              <value>
                <![CDATA[[TestResult name=searchAndBuySamsungPhone status=SUCCESS method=EbaySearchAddToCart.searchAndBuySamsungPhone()[pri:0, instance:TestCases.EbaySearchAddToCart@cc43f62] output={null}]]]>
              </value>
            </param>
          </params>
          <reporter-output>
          </reporter-output>
        </test-method> <!-- captureScreenshotOnFailure -->
        <test-method is-config="true" signature="tearDown()[pri:0, instance:TestCases.EbaySearchAddToCart@cc43f62]" started-at="2025-01-15T13:15:34 IST" name="tearDown" finished-at="2025-01-15T13:15:34 IST" duration-ms="369" status="PASS">
          <reporter-output>
          </reporter-output>
        </test-method> <!-- tearDown -->
        <test-method is-config="true" signature="tearDownReport()[pri:0, instance:TestCases.EbaySearchAddToCart@cc43f62]" started-at="2025-01-15T13:15:34 IST" name="tearDownReport" finished-at="2025-01-15T13:15:35 IST" duration-ms="462" status="PASS">
          <reporter-output>
          </reporter-output>
        </test-method> <!-- tearDownReport -->
      </class> <!-- TestCases.EbaySearchAddToCart -->
    </test> <!-- Test Set -->
  </suite> <!-- Test Suite -->
</testng-results>
